g:\qt_adjust\demoqtgui\demoqtgui\x64\debug\moc_demoqtgui.obj
g:\qt_adjust\demoqtgui\demoqtgui\x64\debug\qrc_demoqtgui.obj
g:\qt_adjust\demoqtgui\demoqtgui\x64\debug\vc142.pdb
g:\qt_adjust\demoqtgui\demoqtgui\x64\debug\main.obj
g:\qt_adjust\demoqtgui\demoqtgui\x64\debug\demoqtgui.obj
g:\qt_adjust\demoqtgui\demoqtgui\x64\debug\moc_new_window.obj
g:\qt_adjust\demoqtgui\demoqtgui\x64\debug\new_window.obj
g:\qt_adjust\demoqtgui\demoqtgui\x64\debug\uic\ui_demoqtgui.h
g:\qt_adjust\demoqtgui\demoqtgui\x64\debug\rcc\qrc_demoqtgui.cpp
g:\qt_adjust\demoqtgui\demoqtgui\x64\debug\moc\moc_demoqtgui.cpp
g:\qt_adjust\demoqtgui\demoqtgui\x64\debug\uic\ui_new_window.h
g:\qt_adjust\demoqtgui\demoqtgui\x64\debug\moc\moc_new_window.cpp
g:\qt_adjust\demoqtgui\x64\debug\demoqtgui.exe
g:\qt_adjust\demoqtgui\x64\debug\demoqtgui.ilk
g:\qt_adjust\demoqtgui\x64\debug\demoqtgui.pdb
g:\qt_adjust\demoqtgui\demoqtgui\x64\debug\demoqtgui.tlog\cl.command.1.tlog
g:\qt_adjust\demoqtgui\demoqtgui\x64\debug\demoqtgui.tlog\cl.read.1.tlog
g:\qt_adjust\demoqtgui\demoqtgui\x64\debug\demoqtgui.tlog\cl.write.1.tlog
g:\qt_adjust\demoqtgui\demoqtgui\x64\debug\demoqtgui.tlog\demoqtgui.write.1u.tlog
g:\qt_adjust\demoqtgui\demoqtgui\x64\debug\demoqtgui.tlog\link.command.1.tlog
g:\qt_adjust\demoqtgui\demoqtgui\x64\debug\demoqtgui.tlog\link.read.1.tlog
g:\qt_adjust\demoqtgui\demoqtgui\x64\debug\demoqtgui.tlog\link.write.1.tlog
g:\qt_adjust\demoqtgui\demoqtgui\x64\debug\demoqtgui.tlog\moc.read.1u.tlog
g:\qt_adjust\demoqtgui\demoqtgui\x64\debug\demoqtgui.tlog\moc.write.1u.tlog
g:\qt_adjust\demoqtgui\demoqtgui\x64\debug\demoqtgui.tlog\rcc.read.1u.tlog
g:\qt_adjust\demoqtgui\demoqtgui\x64\debug\demoqtgui.tlog\rcc.write.1u.tlog
g:\qt_adjust\demoqtgui\demoqtgui\x64\debug\demoqtgui.tlog\uic.read.1u.tlog
g:\qt_adjust\demoqtgui\demoqtgui\x64\debug\demoqtgui.tlog\uic.write.1u.tlog
